<?xml version="1.0" encoding="UTF-8"?>
<testsuite name="helloworld.AppTest" tests="1" skipped="0" failures="0" errors="0" timestamp="2023-07-31T10:05:06" hostname="DESKTOP-DSPU0TD" time="1.006">
  <properties/>
  <testcase name="successfulResponse" classname="helloworld.AppTest" time="1.006"/>
  <system-out><![CDATA[]]></system-out>
  <system-err><![CDATA[]]></system-err>
</testsuite>
